<?xml version="1.0" encoding="UTF-8"?>
<!-- Generated by org.testng.reporters.JUnitReportReporter -->
<testsuite skipped="0" hostname="PRADEEP-PC" name="com.qa.pradeep.testcase.ValidLoginactTest" tests="1" failures="0" timestamp="04 Jul 2018 13:55:29 GMT" time="37.577" errors="0">
  <testcase name="task" time="37.577" classname="com.qa.pradeep.testcase.ValidLoginactTest"/>
</testsuite> <!-- com.qa.pradeep.testcase.ValidLoginactTest -->
