<?xml version="1.0" encoding="UTF-8"?>
<!-- Generated by org.testng.reporters.JUnitReportReporter -->
<testsuite skipped="0" hostname="PRADEEP-PC" name="MavenDemo2.MavenDemo3.Demo51" tests="4" failures="0" timestamp="16 Jun 2018 10:40:25 GMT" time="0.043" errors="0">
  <testcase name="div1" time="0.008" classname="MavenDemo2.MavenDemo3.Demo51"/>
  <testcase name="mul1" time="0.002" classname="MavenDemo2.MavenDemo3.Demo51"/>
  <testcase name="dif1" time="0.031" classname="MavenDemo2.MavenDemo3.Demo51"/>
  <testcase name="sum1" time="0.002" classname="MavenDemo2.MavenDemo3.Demo51"/>
</testsuite> <!-- MavenDemo2.MavenDemo3.Demo51 -->
