<?xml version="1.0" encoding="UTF-8"?>
<!-- Generated by org.testng.reporters.JUnitReportReporter -->
<testsuite skipped="0" hostname="PRADEEP-PC" name="com.qa.pradeep.testcase.ValidLoginactTest" tests="4" failures="0" timestamp="09 Jul 2018 17:51:45 GMT" time="131.981" errors="0">
  <testcase name="task" time="81.282" classname="com.qa.pradeep.testcase.ValidLoginactTest"/>
  <testcase name="invalidlogin1" time="16.200" classname="com.qa.pradeep.testcase.ValidLoginactTest"/>
  <testcase name="validTestlogin" time="15.496" classname="com.qa.pradeep.testcase.ValidLoginactTest"/>
  <testcase name="versionAT" time="19.003" classname="com.qa.pradeep.testcase.ValidLoginactTest"/>
</testsuite> <!-- com.qa.pradeep.testcase.ValidLoginactTest -->
