<?xml version="1.0" encoding="UTF-8"?>
<!-- Generated by org.testng.reporters.JUnitReportReporter -->
<testsuite skipped="0" hostname="PRADEEP-PC" name="com.qa.pradeep.testcase.ValidLoginactTest" tests="3" failures="0" timestamp="27 Jun 2018 18:16:21 GMT" time="63.024" errors="0">
  <testcase name="invalidlogin1" time="18.536" classname="com.qa.pradeep.testcase.ValidLoginactTest"/>
  <testcase name="validTestlogin" time="22.521" classname="com.qa.pradeep.testcase.ValidLoginactTest"/>
  <testcase name="versionAT" time="21.967" classname="com.qa.pradeep.testcase.ValidLoginactTest"/>
</testsuite> <!-- com.qa.pradeep.testcase.ValidLoginactTest -->
