<?xml version="1.0" encoding="UTF-8"?>
<!-- Generated by org.testng.reporters.JUnitReportReporter -->
<testsuite skipped="0" hostname="PRADEEP-PC" name="com.qa.pradeep.testcase.ValidLoginactTest" tests="4" failures="0" timestamp="05 Jul 2018 15:13:04 GMT" time="116.243" errors="0">
  <testcase name="task" time="43.804" classname="com.qa.pradeep.testcase.ValidLoginactTest"/>
  <testcase name="invalidlogin1" time="15.068" classname="com.qa.pradeep.testcase.ValidLoginactTest"/>
  <testcase name="validTestlogin" time="31.289" classname="com.qa.pradeep.testcase.ValidLoginactTest"/>
  <testcase name="versionAT" time="26.082" classname="com.qa.pradeep.testcase.ValidLoginactTest"/>
</testsuite> <!-- com.qa.pradeep.testcase.ValidLoginactTest -->
