<?xml version="1.0" encoding="UTF-8"?>
<!-- Generated by org.testng.reporters.JUnitReportReporter -->
<testsuite skipped="0" hostname="PRADEEP-PC" name="com.qa.pradeep.testcase.ValidLoginactTest" tests="4" failures="0" timestamp="05 Jul 2018 13:22:43 GMT" time="111.638" errors="0">
  <testcase name="task" time="50.693" classname="com.qa.pradeep.testcase.ValidLoginactTest"/>
  <testcase name="invalidlogin1" time="13.527" classname="com.qa.pradeep.testcase.ValidLoginactTest"/>
  <testcase name="validTestlogin" time="23.462" classname="com.qa.pradeep.testcase.ValidLoginactTest"/>
  <testcase name="versionAT" time="23.956" classname="com.qa.pradeep.testcase.ValidLoginactTest"/>
</testsuite> <!-- com.qa.pradeep.testcase.ValidLoginactTest -->
