<?xml version="1.0" encoding="UTF-8"?>
<!-- Generated by org.testng.reporters.JUnitReportReporter -->
<testsuite skipped="0" hostname="PRADEEP-PC" name="com.qa.pradeep.testcase.ValidLoginactTest" tests="3" failures="0" timestamp="29 Jun 2018 11:58:44 GMT" time="71.962" errors="0">
  <testcase name="invalidlogin1" time="31.067" classname="com.qa.pradeep.testcase.ValidLoginactTest"/>
  <testcase name="validTestlogin" time="23.290" classname="com.qa.pradeep.testcase.ValidLoginactTest"/>
  <testcase name="versionAT" time="17.605" classname="com.qa.pradeep.testcase.ValidLoginactTest"/>
</testsuite> <!-- com.qa.pradeep.testcase.ValidLoginactTest -->
